2016-05-09 20:40:57,404 - Initializing Velocity, Calling init()...
2016-05-09 20:40:57,404 - Starting Apache Velocity v1.7 (compiled: 2010-11-19 12:14:37)
2016-05-09 20:40:57,405 - Default Properties File: org\apache\velocity\runtime\defaults\velocity.properties
2016-05-09 20:40:57,405 - Trying to use logger class org.apache.velocity.runtime.log.AvalonLogChute
2016-05-09 20:40:57,405 - Target log system for org.apache.velocity.runtime.log.AvalonLogChute is not available (java.lang.NoClassDefFoundError: org/apache/log/format/Formatter).  Falling back to next log system...
2016-05-09 20:40:57,405 - Trying to use logger class org.apache.velocity.runtime.log.Log4JLogChute
2016-05-09 20:40:57,405 - Using logger class org.apache.velocity.runtime.log.Log4JLogChute
2016-05-09 20:40:57,411 - ResourceLoader instantiated: org.apache.velocity.runtime.resource.loader.ClasspathResourceLoader
2016-05-09 20:40:57,437 - ResourceCache: initialized (class org.apache.velocity.runtime.resource.ResourceCacheImpl) with class java.util.Collections$SynchronizedMap cache map.
2016-05-09 20:40:57,441 - Loaded System Directive: org.apache.velocity.runtime.directive.Stop
2016-05-09 20:40:57,442 - Loaded System Directive: org.apache.velocity.runtime.directive.Define
2016-05-09 20:40:57,444 - Loaded System Directive: org.apache.velocity.runtime.directive.Break
2016-05-09 20:40:57,446 - Loaded System Directive: org.apache.velocity.runtime.directive.Evaluate
2016-05-09 20:40:57,447 - Loaded System Directive: org.apache.velocity.runtime.directive.Literal
2016-05-09 20:40:57,449 - Loaded System Directive: org.apache.velocity.runtime.directive.Macro
2016-05-09 20:40:57,451 - Loaded System Directive: org.apache.velocity.runtime.directive.Parse
2016-05-09 20:40:57,453 - Loaded System Directive: org.apache.velocity.runtime.directive.Include
2016-05-09 20:40:57,455 - Loaded System Directive: org.apache.velocity.runtime.directive.Foreach
2016-05-09 20:40:57,518 - Created '20' parsers.
2016-05-09 20:40:57,526 - Velocimacro : "velocimacro.library" is not set.  Trying default library: VM_global_library.vm
2016-05-09 20:40:57,527 - Could not load resource 'VM_global_library.vm' from ResourceLoader org.apache.velocity.runtime.resource.loader.ClasspathResourceLoader: ClasspathResourceLoader Error: cannot find resource VM_global_library.vm
2016-05-09 20:40:57,527 - Velocimacro : Default library not found.
2016-05-09 20:40:57,527 - Velocimacro : allowInline = true : VMs can be defined inline in templates
2016-05-09 20:40:57,527 - Velocimacro : allowInlineToOverride = false : VMs defined inline may NOT replace previous VM definitions
2016-05-09 20:40:57,527 - Velocimacro : allowInlineLocal = false : VMs defined inline will be global in scope if allowed.
2016-05-09 20:40:57,527 - Velocimacro : autoload off : VM system will not automatically reload global library macros
2016-05-09 20:40:57,574 - ResourceManager : found templates/Rental/back.vm with loader org.apache.velocity.runtime.resource.loader.ClasspathResourceLoader
2016-05-09 20:40:57,583 - ResourceManager : found /templates/includes/header.vm with loader org.apache.velocity.runtime.resource.loader.ClasspathResourceLoader
2016-05-09 20:40:57,610 - ResourceManager : found /templates/includes/flash.vm with loader org.apache.velocity.runtime.resource.loader.ClasspathResourceLoader
2016-05-09 20:40:57,618 - RHS of #set statement is null. Context will not be modified. templates/Rental/back.vm[line 34, column 1]
2016-05-09 20:40:57,620 - ResourceManager : found /templates/includes/footer.vm with loader org.apache.velocity.runtime.resource.loader.ClasspathResourceLoader
2016-05-09 20:41:12,378 - Log4JLogChute initialized using file 'velocity.log'
2016-05-09 20:41:12,378 - Initializing Velocity, Calling init()...
2016-05-09 20:41:12,378 - Starting Apache Velocity v1.7 (compiled: 2010-11-19 12:14:37)
2016-05-09 20:41:12,378 - Default Properties File: org\apache\velocity\runtime\defaults\velocity.properties
2016-05-09 20:41:12,378 - Trying to use logger class org.apache.velocity.runtime.log.AvalonLogChute
2016-05-09 20:41:12,378 - Target log system for org.apache.velocity.runtime.log.AvalonLogChute is not available (java.lang.NoClassDefFoundError: org/apache/log/format/Formatter).  Falling back to next log system...
2016-05-09 20:41:12,378 - Trying to use logger class org.apache.velocity.runtime.log.Log4JLogChute
2016-05-09 20:41:12,378 - Using logger class org.apache.velocity.runtime.log.Log4JLogChute
2016-05-09 20:41:12,379 - ResourceLoader instantiated: org.apache.velocity.runtime.resource.loader.ClasspathResourceLoader
2016-05-09 20:41:12,379 - ResourceCache: initialized (class org.apache.velocity.runtime.resource.ResourceCacheImpl) with class java.util.Collections$SynchronizedMap cache map.
2016-05-09 20:41:12,380 - Loaded System Directive: org.apache.velocity.runtime.directive.Stop
2016-05-09 20:41:12,380 - Loaded System Directive: org.apache.velocity.runtime.directive.Define
2016-05-09 20:41:12,380 - Loaded System Directive: org.apache.velocity.runtime.directive.Break
2016-05-09 20:41:12,380 - Loaded System Directive: org.apache.velocity.runtime.directive.Evaluate
2016-05-09 20:41:12,380 - Loaded System Directive: org.apache.velocity.runtime.directive.Literal
2016-05-09 20:41:12,380 - Loaded System Directive: org.apache.velocity.runtime.directive.Macro
2016-05-09 20:41:12,380 - Loaded System Directive: org.apache.velocity.runtime.directive.Parse
2016-05-09 20:41:12,380 - Loaded System Directive: org.apache.velocity.runtime.directive.Include
2016-05-09 20:41:12,381 - Loaded System Directive: org.apache.velocity.runtime.directive.Foreach
2016-05-09 20:41:12,415 - Created '20' parsers.
2016-05-09 20:41:12,415 - Velocimacro : "velocimacro.library" is not set.  Trying default library: VM_global_library.vm
2016-05-09 20:41:12,416 - Could not load resource 'VM_global_library.vm' from ResourceLoader org.apache.velocity.runtime.resource.loader.ClasspathResourceLoader: ClasspathResourceLoader Error: cannot find resource VM_global_library.vm
2016-05-09 20:41:12,416 - Velocimacro : Default library not found.
2016-05-09 20:41:12,416 - Velocimacro : allowInline = true : VMs can be defined inline in templates
2016-05-09 20:41:12,416 - Velocimacro : allowInlineToOverride = false : VMs defined inline may NOT replace previous VM definitions
2016-05-09 20:41:12,416 - Velocimacro : allowInlineLocal = false : VMs defined inline will be global in scope if allowed.
2016-05-09 20:41:12,416 - Velocimacro : autoload off : VM system will not automatically reload global library macros
2016-05-09 20:41:12,424 - ResourceManager : found templates/Rental/back.vm with loader org.apache.velocity.runtime.resource.loader.ClasspathResourceLoader
2016-05-09 20:41:12,430 - ResourceManager : found /templates/includes/header.vm with loader org.apache.velocity.runtime.resource.loader.ClasspathResourceLoader
2016-05-09 20:41:12,435 - ResourceManager : found /templates/includes/flash.vm with loader org.apache.velocity.runtime.resource.loader.ClasspathResourceLoader
2016-05-09 20:41:12,440 - ResourceManager : found /templates/includes/footer.vm with loader org.apache.velocity.runtime.resource.loader.ClasspathResourceLoader
2016-05-09 20:41:18,678 - Log4JLogChute initialized using file 'velocity.log'
2016-05-09 20:41:18,679 - Initializing Velocity, Calling init()...
2016-05-09 20:41:18,679 - Starting Apache Velocity v1.7 (compiled: 2010-11-19 12:14:37)
2016-05-09 20:41:18,679 - Default Properties File: org\apache\velocity\runtime\defaults\velocity.properties
2016-05-09 20:41:18,679 - Trying to use logger class org.apache.velocity.runtime.log.AvalonLogChute
2016-05-09 20:41:18,679 - Target log system for org.apache.velocity.runtime.log.AvalonLogChute is not available (java.lang.NoClassDefFoundError: org/apache/log/format/Formatter).  Falling back to next log system...
2016-05-09 20:41:18,679 - Trying to use logger class org.apache.velocity.runtime.log.Log4JLogChute
2016-05-09 20:41:18,679 - Using logger class org.apache.velocity.runtime.log.Log4JLogChute
2016-05-09 20:41:18,679 - ResourceLoader instantiated: org.apache.velocity.runtime.resource.loader.ClasspathResourceLoader
2016-05-09 20:41:18,679 - ResourceCache: initialized (class org.apache.velocity.runtime.resource.ResourceCacheImpl) with class java.util.Collections$SynchronizedMap cache map.
2016-05-09 20:41:18,680 - Loaded System Directive: org.apache.velocity.runtime.directive.Stop
2016-05-09 20:41:18,680 - Loaded System Directive: org.apache.velocity.runtime.directive.Define
2016-05-09 20:41:18,680 - Loaded System Directive: org.apache.velocity.runtime.directive.Break
2016-05-09 20:41:18,680 - Loaded System Directive: org.apache.velocity.runtime.directive.Evaluate
2016-05-09 20:41:18,680 - Loaded System Directive: org.apache.velocity.runtime.directive.Literal
2016-05-09 20:41:18,680 - Loaded System Directive: org.apache.velocity.runtime.directive.Macro
2016-05-09 20:41:18,680 - Loaded System Directive: org.apache.velocity.runtime.directive.Parse
2016-05-09 20:41:18,681 - Loaded System Directive: org.apache.velocity.runtime.directive.Include
2016-05-09 20:41:18,690 - Loaded System Directive: org.apache.velocity.runtime.directive.Foreach
2016-05-09 20:41:18,702 - Created '20' parsers.
2016-05-09 20:41:18,702 - Velocimacro : "velocimacro.library" is not set.  Trying default library: VM_global_library.vm
2016-05-09 20:41:18,702 - Could not load resource 'VM_global_library.vm' from ResourceLoader org.apache.velocity.runtime.resource.loader.ClasspathResourceLoader: ClasspathResourceLoader Error: cannot find resource VM_global_library.vm
2016-05-09 20:41:18,703 - Velocimacro : Default library not found.
2016-05-09 20:41:18,703 - Velocimacro : allowInline = true : VMs can be defined inline in templates
2016-05-09 20:41:18,703 - Velocimacro : allowInlineToOverride = false : VMs defined inline may NOT replace previous VM definitions
2016-05-09 20:41:18,703 - Velocimacro : allowInlineLocal = false : VMs defined inline will be global in scope if allowed.
2016-05-09 20:41:18,703 - Velocimacro : autoload off : VM system will not automatically reload global library macros
2016-05-09 20:41:18,712 - ResourceManager : found templates/Rental/home.vm with loader org.apache.velocity.runtime.resource.loader.ClasspathResourceLoader
2016-05-09 20:41:18,716 - ResourceManager : found /templates/includes/header.vm with loader org.apache.velocity.runtime.resource.loader.ClasspathResourceLoader
2016-05-09 20:41:18,720 - ResourceManager : found /templates/includes/flash.vm with loader org.apache.velocity.runtime.resource.loader.ClasspathResourceLoader
2016-05-09 20:41:18,730 - ResourceManager : found /templates/includes/footer.vm with loader org.apache.velocity.runtime.resource.loader.ClasspathResourceLoader
16-05-09 20:41:18,680 - Loaded System Directive: org.apache.velocity.runtime.directive.Macro
2016-05-09 20:41:18,680 - Loaded System Directive: org.apache.velocity.runtime.directive.Parse
2016-05-09 20:41:18,680 - Loaded System Directive: org.apache.velocity.runtime.directive.Parse
2016-05-09 20:41:18,681 - Loaded System Directive: org.apache.velocity.runtime.directive.Include
2016-05-09 20:41:18,681 - Loaded System Directive: org.apache.velocity.runtime.directive.Include
2016-05-09 20:41:18,690 - Loaded System Directive: org.apache.velocity.runtime.directive.Foreach
2016-05-09 20:41:18,690 - Loaded System Directive: org.apache.velocity.runtime.directive.Foreach
2016-05-09 20:41:18,702 - Created '20' parsers.
2016-05-09 20:41:18,702 - Created '20' parsers.
2016-05-09 20:41:18,702 - Velocimacro : "velocimacro.library" is not set.  Trying default library: VM_global_library.vm
2016-05-09 20:41:18,702 - Velocimacro : "velocimacro.library" is not set.  Trying default library: VM_global_library.vm
2016-05-09 20:41:18,702 - Could not load resource 'VM_global_library.vm' from ResourceLoader org.apache.velocity.runtime.resource.loader.ClasspathResourceLoader: ClasspathResourceLoader Error: cannot find resource VM_global_library.vm
2016-05-09 20:41:18,702 - Could not load resource 'VM_global_library.vm' from ResourceLoader org.apache.velocity.runtime.resource.loader.ClasspathResourceLoader: ClasspathResourceLoader Error: cannot find resource VM_global_library.vm
2016-05-09 20:41:18,703 - Velocimacro : Default library not found.
2016-05-09 20:41:18,703 - Velocimacro : Default library not found.
2016-05-09 20:41:18,703 - Velocimacro : allowInline = true : VMs can be defined inline in templates
2016-05-09 20:41:18,703 - Velocimacro : allowInline = true : VMs can be defined inline in templates
2016-05-09 20:41:18,703 - Velocimacro : allowInlineToOverride = false : VMs defined inline may NOT replace previous VM definitions
2016-05-09 20:41:18,703 - Velocimacro : allowInlineToOverride = false : VMs defined inline may NOT replace previous VM definitions
2016-05-09 20:41:18,703 - Velocimacro : allowInlineLocal = false : VMs defined inline will be global in scope if allowed.
2016-05-09 20:41:18,703 - Velocimacro : allowInlineLocal = false : VMs defined inline will be global in scope if allowed.
2016-05-09 20:41:18,703 - Velocimacro : autoload off : VM system will not automatically reload global library macros
2016-05-09 20:41:18,703 - Velocimacro : autoload off : VM system will not automatically reload global library macros
2016-05-09 20:41:18,712 - ResourceManager : found templates/Rental/home.vm with loader org.apache.velocity.runtime.resource.loader.ClasspathResourceLoader
2016-05-09 20:41:18,712 - ResourceManager : found templates/Rental/home.vm with loader org.apache.velocity.runtime.resource.loader.ClasspathResourceLoader
2016-05-09 20:41:18,716 - ResourceManager : found /templates/includes/header.vm with loader org.apache.velocity.runtime.resource.loader.ClasspathResourceLoader
2016-05-09 20:41:18,716 - ResourceManager : found /templates/includes/header.vm with loader org.apache.velocity.runtime.resource.loader.ClasspathResourceLoader
2016-05-09 20:41:18,720 - ResourceManager : found /templates/includes/flash.vm with loader org.apache.velocity.runtime.resource.loader.ClasspathResourceLoader
2016-05-09 20:41:18,720 - ResourceManager : found /templates/includes/flash.vm with loader org.apache.velocity.runtime.resource.loader.ClasspathResourceLoader
2016-05-09 20:41:18,730 - ResourceManager : found /templates/includes/footer.vm with loader org.apache.velocity.runtime.resource.loader.ClasspathResourceLoader
2016-05-09 20:41:18,730 - ResourceManager : found /templates/includes/footer.vm with loader org.apache.velocity.runtime.resource.loader.ClasspathResourceLoader
2016-05-09 20:49:31,807 - Log4JLogChute initialized using file 'velocity.log'
2016-05-09 20:49:31,807 - Initializing Velocity, Calling init()...
2016-05-09 20:49:31,807 - Starting Apache Velocity v1.7 (compiled: 2010-11-19 12:14:37)
2016-05-09 20:49:31,808 - Default Properties File: org\apache\velocity\runtime\defaults\velocity.properties
2016-05-09 20:49:31,808 - Trying to use logger class org.apache.velocity.runtime.log.AvalonLogChute
2016-05-09 20:49:31,808 - Target log system for org.apache.velocity.runtime.log.AvalonLogChute is not available (java.lang.NoClassDefFoundError: org/apache/log/format/Formatter).  Falling back to next log system...
2016-05-09 20:49:31,808 - Trying to use logger class org.apache.velocity.runtime.log.Log4JLogChute
2016-05-09 20:49:31,808 - Using logger class org.apache.velocity.runtime.log.Log4JLogChute
2016-05-09 20:49:31,814 - ResourceLoader instantiated: org.apache.velocity.runtime.resource.loader.ClasspathResourceLoader
2016-05-09 20:49:31,833 - ResourceCache: initialized (class org.apache.velocity.runtime.resource.ResourceCacheImpl) with class java.util.Collections$SynchronizedMap cache map.
2016-05-09 20:49:31,837 - Loaded System Directive: org.apache.velocity.runtime.directive.Stop
2016-05-09 20:49:31,838 - Loaded System Directive: org.apache.velocity.runtime.directive.Define
2016-05-09 20:49:31,839 - Loaded System Directive: org.apache.velocity.runtime.directive.Break
2016-05-09 20:49:31,841 - Loaded System Directive: org.apache.velocity.runtime.directive.Evaluate
2016-05-09 20:49:31,841 - Loaded System Directive: org.apache.velocity.runtime.directive.Literal
2016-05-09 20:49:31,843 - Loaded System Directive: org.apache.velocity.runtime.directive.Macro
2016-05-09 20:49:31,845 - Loaded System Directive: org.apache.velocity.runtime.directive.Parse
2016-05-09 20:49:31,847 - Loaded System Directive: org.apache.velocity.runtime.directive.Include
2016-05-09 20:49:31,848 - Loaded System Directive: org.apache.velocity.runtime.directive.Foreach
2016-05-09 20:49:31,912 - Created '20' parsers.
2016-05-09 20:49:31,920 - Velocimacro : "velocimacro.library" is not set.  Trying default library: VM_global_library.vm
2016-05-09 20:49:31,921 - Could not load resource 'VM_global_library.vm' from ResourceLoader org.apache.velocity.runtime.resource.loader.ClasspathResourceLoader: ClasspathResourceLoader Error: cannot find resource VM_global_library.vm
2016-05-09 20:49:31,921 - Velocimacro : Default library not found.
2016-05-09 20:49:31,921 - Velocimacro : allowInline = true : VMs can be defined inline in templates
2016-05-09 20:49:31,921 - Velocimacro : allowInlineToOverride = false : VMs defined inline may NOT replace previous VM definitions
2016-05-09 20:49:31,921 - Velocimacro : allowInlineLocal = false : VMs defined inline will be global in scope if allowed.
2016-05-09 20:49:31,921 - Velocimacro : autoload off : VM system will not automatically reload global library macros
2016-05-09 20:49:31,959 - ResourceManager : found templates/Rental/create.vm with loader org.apache.velocity.runtime.resource.loader.ClasspathResourceLoader
2016-05-09 20:49:31,973 - ResourceManager : found /templates/includes/header.vm with loader org.apache.velocity.runtime.resource.loader.ClasspathResourceLoader
2016-05-09 20:49:31,997 - ResourceManager : found /templates/includes/flash.vm with loader org.apache.velocity.runtime.resource.loader.ClasspathResourceLoader
2016-05-09 20:49:32,015 - ResourceManager : found /templates/includes/footer.vm with loader org.apache.velocity.runtime.resource.loader.ClasspathResourceLoader
2016-05-09 20:50:15,183 - Log4JLogChute initialized using file 'velocity.log'
2016-05-09 20:50:15,183 - Log4JLogChute initialized using file 'velocity.log'
2016-05-09 20:50:15,183 - Initializing Velocity, Calling init()...
2016-05-09 20:50:15,183 - Initializing Velocity, Calling init()...
2016-05-09 20:50:15,183 - Starting Apache Velocity v1.7 (compiled: 2010-11-19 12:14:37)
2016-05-09 20:50:15,183 - Starting Apache Velocity v1.7 (compiled: 2010-11-19 12:14:37)
2016-05-09 20:50:15,183 - Default Properties File: org\apache\velocity\runtime\defaults\velocity.properties
2016-05-09 20:50:15,183 - Default Properties File: org\apache\velocity\runtime\defaults\velocity.properties
2016-05-09 20:50:15,183 - Trying to use logger class org.apache.velocity.runtime.log.AvalonLogChute
2016-05-09 20:50:15,183 - Trying to use logger class org.apache.velocity.runtime.log.AvalonLogChute
2016-05-09 20:50:15,183 - Target log system for org.apache.velocity.runtime.log.AvalonLogChute is not available (java.lang.NoClassDefFoundError: org/apache/log/format/Formatter).  Falling back to next log system...
2016-05-09 20:50:15,183 - Target log system for org.apache.velocity.runtime.log.AvalonLogChute is not available (java.lang.NoClassDefFoundError: org/apache/log/format/Formatter).  Falling back to next log system...
2016-05-09 20:50:15,184 - Trying to use logger class org.apache.velocity.runtime.log.Log4JLogChute
2016-05-09 20:50:15,184 - Trying to use logger class org.apache.velocity.runtime.log.Log4JLogChute
2016-05-09 20:50:15,184 - Using logger class org.apache.velocity.runtime.log.Log4JLogChute
2016-05-09 20:50:15,184 - Using logger class org.apache.velocity.runtime.log.Log4JLogChute
2016-05-09 20:50:15,184 - ResourceLoader instantiated: org.apache.velocity.runtime.resource.loader.ClasspathResourceLoader
2016-05-09 20:50:15,184 - ResourceLoader instantiated: org.apache.velocity.runtime.resource.loader.ClasspathResourceLoader
2016-05-09 20:50:15,184 - ResourceCache: initialized (class org.apache.velocity.runtime.resource.ResourceCacheImpl) with class java.util.Collections$SynchronizedMap cache map.
2016-05-09 20:50:15,184 - ResourceCache: initialized (class org.apache.velocity.runtime.resource.ResourceCacheImpl) with class java.util.Collections$SynchronizedMap cache map.
2016-05-09 20:50:15,185 - Loaded System Directive: org.apache.velocity.runtime.directive.Stop
2016-05-09 20:50:15,185 - Loaded System Directive: org.apache.velocity.runtime.directive.Stop
2016-05-09 20:50:15,185 - Loaded System Directive: org.apache.velocity.runtime.directive.Define
2016-05-09 20:50:15,185 - Loaded System Directive: org.apache.velocity.runtime.directive.Define
2016-05-09 20:50:15,185 - Loaded System Directive: org.apache.velocity.runtime.directive.Break
2016-05-09 20:50:15,185 - Loaded System Directive: org.apache.velocity.runtime.directive.Break
2016-05-09 20:50:15,185 - Loaded System Directive: org.apache.velocity.runtime.directive.Evaluate
2016-05-09 20:50:15,185 - Loaded System Directive: org.apache.velocity.runtime.directive.Evaluate
2016-05-09 20:50:15,185 - Loaded System Directive: org.apache.velocity.runtime.directive.Literal
2016-05-09 20:50:15,185 - Loaded System Directive: org.apache.velocity.runtime.directive.Literal
2016-05-09 20:50:15,186 - Loaded System Directive: org.apache.velocity.runtime.directive.Macro
2016-05-09 20:50:15,186 - Loaded System Directive: org.apache.velocity.runtime.directive.Macro
2016-05-09 20:50:15,186 - Loaded System Directive: org.apache.velocity.runtime.directive.Parse
2016-05-09 20:50:15,186 - Loaded System Directive: org.apache.velocity.runtime.directive.Parse
2016-05-09 20:50:15,186 - Loaded System Directive: org.apache.velocity.runtime.directive.Include
2016-05-09 20:50:15,186 - Loaded System Directive: org.apache.velocity.runtime.directive.Include
2016-05-09 20:50:15,186 - Loaded System Directive: org.apache.velocity.runtime.directive.Foreach
2016-05-09 20:50:15,186 - Loaded System Directive: org.apache.velocity.runtime.directive.Foreach
2016-05-09 20:50:15,187 - Created '20' parsers.
2016-05-09 20:50:15,187 - Created '20' parsers.
2016-05-09 20:50:15,187 - Velocimacro : "velocimacro.library" is not set.  Trying default library: VM_global_library.vm
2016-05-09 20:50:15,187 - Velocimacro : "velocimacro.library" is not set.  Trying default library: VM_global_library.vm
2016-05-09 20:50:15,188 - Could not load resource 'VM_global_library.vm' from ResourceLoader org.apache.velocity.runtime.resource.loader.ClasspathResourceLoader: ClasspathResourceLoader Error: cannot find resource VM_global_library.vm
2016-05-09 20:50:15,188 - Could not load resource 'VM_global_library.vm' from ResourceLoader org.apache.velocity.runtime.resource.loader.ClasspathResourceLoader: ClasspathResourceLoader Error: cannot find resource VM_global_library.vm
2016-05-09 20:50:15,188 - Velocimacro : Default library not found.
2016-05-09 20:50:15,188 - Velocimacro : Default library not found.
2016-05-09 20:50:15,188 - Velocimacro : allowInline = true : VMs can be defined inline in templates
2016-05-09 20:50:15,188 - Velocimacro : allowInline = true : VMs can be defined inline in templates
2016-05-09 20:50:15,188 - Velocimacro : allowInlineToOverride = false : VMs defined inline may NOT replace previous VM definitions
2016-05-09 20:50:15,188 - Velocimacro : allowInlineToOverride = false : VMs defined inline may NOT replace previous VM definitions
2016-05-09 20:50:15,188 - Velocimacro : allowInlineLocal = false : VMs defined inline will be global in scope if allowed.
2016-05-09 20:50:15,188 - Velocimacro : allowInlineLocal = false : VMs defined inline will be global in scope if allowed.
2016-05-09 20:50:15,188 - Velocimacro : autoload off : VM system will not automatically reload global library macros
2016-05-09 20:50:15,188 - Velocimacro : autoload off : VM system will not automatically reload global library macros
2016-05-09 20:50:15,196 - ResourceManager : found templates/Rental/create.vm with loader org.apache.velocity.runtime.resource.loader.ClasspathResourceLoader
2016-05-09 20:50:15,196 - ResourceManager : found templates/Rental/create.vm with loader org.apache.velocity.runtime.resource.loader.ClasspathResourceLoader
2016-05-09 20:50:15,202 - ResourceManager : found /templates/includes/header.vm with loader org.apache.velocity.runtime.resource.loader.ClasspathResourceLoader
2016-05-09 20:50:15,202 - ResourceManager : found /templates/includes/header.vm with loader org.apache.velocity.runtime.resource.loader.ClasspathResourceLoader
2016-05-09 20:50:15,209 - ResourceManager : found /templates/includes/flash.vm with loader org.apache.velocity.runtime.resource.loader.ClasspathResourceLoader
2016-05-09 20:50:15,209 - ResourceManager : found /templates/includes/flash.vm with loader org.apache.velocity.runtime.resource.loader.ClasspathResourceLoader
2016-05-09 20:50:15,237 - ResourceManager : found /templates/includes/footer.vm with loader org.apache.velocity.runtime.resource.loader.ClasspathResourceLoader
2016-05-09 20:50:15,237 - ResourceManager : found /templates/includes/footer.vm with loader org.apache.velocity.runtime.resource.loader.ClasspathResourceLoader
2016-05-09 20:50:21,616 - Log4JLogChute initialized using file 'velocity.log'
2016-05-09 20:50:21,616 - Log4JLogChute initialized using file 'velocity.log'
2016-05-09 20:50:21,616 - Log4JLogChute initialized using file 'velocity.log'
2016-05-09 20:50:21,616 - Initializing Velocity, Calling init()...
2016-05-09 20:50:21,616 - Initializing Velocity, Calling init()...
2016-05-09 20:50:21,616 - Initializing Velocity, Calling init()...
2016-05-09 20:50:21,616 - Starting Apache Velocity v1.7 (compiled: 2010-11-19 12:14:37)
2016-05-09 20:50:21,616 - Starting Apache Velocity v1.7 (compiled: 2010-11-19 12:14:37)
2016-05-09 20:50:21,616 - Starting Apache Velocity v1.7 (compiled: 2010-11-19 12:14:37)
2016-05-09 20:50:21,616 - Default Properties File: org\apache\velocity\runtime\defaults\velocity.properties
2016-05-09 20:50:21,616 - Default Properties File: org\apache\velocity\runtime\defaults\velocity.properties
2016-05-09 20:50:21,616 - Default Properties File: org\apache\velocity\runtime\defaults\velocity.properties
2016-05-09 20:50:21,616 - Trying to use logger class org.apache.velocity.runtime.log.AvalonLogChute
2016-05-09 20:50:21,616 - Trying to use logger class org.apache.velocity.runtime.log.AvalonLogChute
2016-05-09 20:50:21,616 - Trying to use logger class org.apache.velocity.runtime.log.AvalonLogChute
2016-05-09 20:50:21,616 - Target log system for org.apache.velocity.runtime.log.AvalonLogChute is not available (java.lang.NoClassDefFoundError: org/apache/log/format/Formatter).  Falling back to next log system...
2016-05-09 20:50:21,616 - Target log system for org.apache.velocity.runtime.log.AvalonLogChute is not available (java.lang.NoClassDefFoundError: org/apache/log/format/Formatter).  Falling back to next log system...
2016-05-09 20:50:21,616 - Target log system for org.apache.velocity.runtime.log.AvalonLogChute is not available (java.lang.NoClassDefFoundError: org/apache/log/format/Formatter).  Falling back to next log system...
2016-05-09 20:50:21,617 - Trying to use logger class org.apache.velocity.runtime.log.Log4JLogChute
2016-05-09 20:50:21,617 - Trying to use logger class org.apache.velocity.runtime.log.Log4JLogChute
2016-05-09 20:50:21,617 - Trying to use logger class org.apache.velocity.runtime.log.Log4JLogChute
2016-05-09 20:50:21,617 - Using logger class org.apache.velocity.runtime.log.Log4JLogChute
2016-05-09 20:50:21,617 - Using logger class org.apache.velocity.runtime.log.Log4JLogChute
2016-05-09 20:50:21,617 - Using logger class org.apache.velocity.runtime.log.Log4JLogChute
2016-05-09 20:50:21,617 - ResourceLoader instantiated: org.apache.velocity.runtime.resource.loader.ClasspathResourceLoader
2016-05-09 20:50:21,617 - ResourceLoader instantiated: org.apache.velocity.runtime.resource.loader.ClasspathResourceLoader
2016-05-09 20:50:21,617 - ResourceLoader instantiated: org.apache.velocity.runtime.resource.loader.ClasspathResourceLoader
2016-05-09 20:50:21,617 - ResourceCache: initialized (class org.apache.velocity.runtime.resource.ResourceCacheImpl) with class java.util.Collections$SynchronizedMap cache map.
2016-05-09 20:50:21,617 - ResourceCache: initialized (class org.apache.velocity.runtime.resource.ResourceCacheImpl) with class java.util.Collections$SynchronizedMap cache map.
2016-05-09 20:50:21,617 - ResourceCache: initialized (class org.apache.velocity.runtime.resource.ResourceCacheImpl) with class java.util.Collections$SynchronizedMap cache map.
2016-05-09 20:50:21,617 - Loaded System Directive: org.apache.velocity.runtime.directive.Stop
2016-05-09 20:50:21,617 - Loaded System Directive: org.apache.velocity.runtime.directive.Stop
2016-05-09 20:50:21,617 - Loaded System Directive: org.apache.velocity.runtime.directive.Stop
2016-05-09 20:50:21,618 - Loaded System Directive: org.apache.velocity.runtime.directive.Define
2016-05-09 20:50:21,618 - Loaded System Directive: org.apache.velocity.runtime.directive.Define
2016-05-09 20:50:21,618 - Loaded System Directive: org.apache.velocity.runtime.directive.Define
2016-05-09 20:50:21,618 - Loaded System Directive: org.apache.velocity.runtime.directive.Break
2016-05-09 20:50:21,618 - Loaded System Directive: org.apache.velocity.runtime.directive.Break
2016-05-09 20:50:21,618 - Loaded System Directive: org.apache.velocity.runtime.directive.Break
2016-05-09 20:50:21,618 - Loaded System Directive: org.apache.velocity.runtime.directive.Evaluate
2016-05-09 20:50:21,618 - Loaded System Directive: org.apache.velocity.runtime.directive.Evaluate
2016-05-09 20:50:21,618 - Loaded System Directive: org.apache.velocity.runtime.directive.Evaluate
2016-05-09 20:50:21,618 - Loaded System Directive: org.apache.velocity.runtime.directive.Literal
2016-05-09 20:50:21,618 - Loaded System Directive: org.apache.velocity.runtime.directive.Literal
2016-05-09 20:50:21,618 - Loaded System Directive: org.apache.velocity.runtime.directive.Literal
2016-05-09 20:50:21,618 - Loaded System Directive: org.apache.velocity.runtime.directive.Macro
2016-05-09 20:50:21,618 - Loaded System Directive: org.apache.velocity.runtime.directive.Macro
2016-05-09 20:50:21,618 - Loaded System Directive: org.apache.velocity.runtime.directive.Macro
2016-05-09 20:50:21,618 - Loaded System Directive: org.apache.velocity.runtime.directive.Parse
2016-05-09 20:50:21,618 - Loaded System Directive: org.apache.velocity.runtime.directive.Parse
2016-05-09 20:50:21,618 - Loaded System Directive: org.apache.velocity.runtime.directive.Parse
2016-05-09 20:50:21,618 - Loaded System Directive: org.apache.velocity.runtime.directive.Include
2016-05-09 20:50:21,618 - Loaded System Directive: org.apache.velocity.runtime.directive.Include
2016-05-09 20:50:21,618 - Loaded System Directive: org.apache.velocity.runtime.directive.Include
2016-05-09 20:50:21,618 - Loaded System Directive: org.apache.velocity.runtime.directive.Foreach
2016-05-09 20:50:21,618 - Loaded System Directive: org.apache.velocity.runtime.directive.Foreach
2016-05-09 20:50:21,618 - Loaded System Directive: org.apache.velocity.runtime.directive.Foreach
2016-05-09 20:50:21,619 - Created '20' parsers.
2016-05-09 20:50:21,619 - Created '20' parsers.
2016-05-09 20:50:21,619 - Created '20' parsers.
2016-05-09 20:50:21,619 - Velocimacro : "velocimacro.library" is not set.  Trying default library: VM_global_library.vm
2016-05-09 20:50:21,619 - Velocimacro : "velocimacro.library" is not set.  Trying default library: VM_global_library.vm
2016-05-09 20:50:21,619 - Velocimacro : "velocimacro.library" is not set.  Trying default library: VM_global_library.vm
2016-05-09 20:50:21,620 - Could not load resource 'VM_global_library.vm' from ResourceLoader org.apache.velocity.runtime.resource.loader.ClasspathResourceLoader: ClasspathResourceLoader Error: cannot find resource VM_global_library.vm
2016-05-09 20:50:21,620 - Could not load resource 'VM_global_library.vm' from ResourceLoader org.apache.velocity.runtime.resource.loader.ClasspathResourceLoader: ClasspathResourceLoader Error: cannot find resource VM_global_library.vm
2016-05-09 20:50:21,620 - Could not load resource 'VM_global_library.vm' from ResourceLoader org.apache.velocity.runtime.resource.loader.ClasspathResourceLoader: ClasspathResourceLoader Error: cannot find resource VM_global_library.vm
2016-05-09 20:50:21,620 - Velocimacro : Default library not found.
2016-05-09 20:50:21,620 - Velocimacro : Default library not found.
2016-05-09 20:50:21,620 - Velocimacro : Default library not found.
2016-05-09 20:50:21,620 - Velocimacro : allowInline = true : VMs can be defined inline in templates
2016-05-09 20:50:21,620 - Velocimacro : allowInline = true : VMs can be defined inline in templates
2016-05-09 20:50:21,620 - Velocimacro : allowInline = true : VMs can be defined inline in templates
2016-05-09 20:50:21,620 - Velocimacro : allowInlineToOverride = false : VMs defined inline may NOT replace previous VM definitions
2016-05-09 20:50:21,620 - Velocimacro : allowInlineToOverride = false : VMs defined inline may NOT replace previous VM definitions
2016-05-09 20:50:21,620 - Velocimacro : allowInlineToOverride = false : VMs defined inline may NOT replace previous VM definitions
2016-05-09 20:50:21,620 - Velocimacro : allowInlineLocal = false : VMs defined inline will be global in scope if allowed.
2016-05-09 20:50:21,620 - Velocimacro : allowInlineLocal = false : VMs defined inline will be global in scope if allowed.
2016-05-09 20:50:21,620 - Velocimacro : allowInlineLocal = false : VMs defined inline will be global in scope if allowed.
2016-05-09 20:50:21,620 - Velocimacro : autoload off : VM system will not automatically reload global library macros
2016-05-09 20:50:21,620 - Velocimacro : autoload off : VM system will not automatically reload global library macros
2016-05-09 20:50:21,620 - Velocimacro : autoload off : VM system will not automatically reload global library macros
2016-05-09 20:50:21,639 - ResourceManager : found templates/Rental/home.vm with loader org.apache.velocity.runtime.resource.loader.ClasspathResourceLoader
2016-05-09 20:50:21,639 - ResourceManager : found templates/Rental/home.vm with loader org.apache.velocity.runtime.resource.loader.ClasspathResourceLoader
2016-05-09 20:50:21,639 - ResourceManager : found templates/Rental/home.vm with loader org.apache.velocity.runtime.resource.loader.ClasspathResourceLoader
2016-05-09 20:50:21,643 - ResourceManager : found /templates/includes/header.vm with loader org.apache.velocity.runtime.resource.loader.ClasspathResourceLoader
2016-05-09 20:50:21,643 - ResourceManager : found /templates/includes/header.vm with loader org.apache.velocity.runtime.resource.loader.ClasspathResourceLoader
2016-05-09 20:50:21,643 - ResourceManager : found /templates/includes/header.vm with loader org.apache.velocity.runtime.resource.loader.ClasspathResourceLoader
2016-05-09 20:50:21,646 - ResourceManager : found /templates/includes/flash.vm with loader org.apache.velocity.runtime.resource.loader.ClasspathResourceLoader
2016-05-09 20:50:21,646 - ResourceManager : found /templates/includes/flash.vm with loader org.apache.velocity.runtime.resource.loader.ClasspathResourceLoader
2016-05-09 20:50:21,646 - ResourceManager : found /templates/includes/flash.vm with loader org.apache.velocity.runtime.resource.loader.ClasspathResourceLoader
2016-05-09 20:50:21,651 - ResourceManager : found /templates/includes/footer.vm with loader org.apache.velocity.runtime.resource.loader.ClasspathResourceLoader
2016-05-09 20:50:21,651 - ResourceManager : found /templates/includes/footer.vm with loader org.apache.velocity.runtime.resource.loader.ClasspathResourceLoader
2016-05-09 20:50:21,651 - ResourceManager : found /templates/includes/footer.vm with loader org.apache.velocity.runtime.resource.loader.ClasspathResourceLoader
2016-05-09 20:50:27,560 - Log4JLogChute initialized using file 'velocity.log'
2016-05-09 20:50:27,560 - Log4JLogChute initialized using file 'velocity.log'
2016-05-09 20:50:27,560 - Log4JLogChute initialized using file 'velocity.log'
2016-05-09 20:50:27,560 - Log4JLogChute initialized using file 'velocity.log'
2016-05-09 20:50:27,560 - Initializing Velocity, Calling init()...
2016-05-09 20:50:27,560 - Initializing Velocity, Calling init()...
2016-05-09 20:50:27,560 - Initializing Velocity, Calling init()...
2016-05-09 20:50:27,560 - Initializing Velocity, Calling init()...
2016-05-09 20:50:27,561 - Starting Apache Velocity v1.7 (compiled: 2010-11-19 12:14:37)
2016-05-09 20:50:27,561 - Starting Apache Velocity v1.7 (compiled: 2010-11-19 12:14:37)
2016-05-09 20:50:27,561 - Starting Apache Velocity v1.7 (compiled: 2010-11-19 12:14:37)
2016-05-09 20:50:27,561 - Starting Apache Velocity v1.7 (compiled: 2010-11-19 12:14:37)
2016-05-09 20:50:27,561 - Default Properties File: org\apache\velocity\runtime\defaults\velocity.properties
2016-05-09 20:50:27,561 - Default Properties File: org\apache\velocity\runtime\defaults\velocity.properties
2016-05-09 20:50:27,561 - Default Properties File: org\apache\velocity\runtime\defaults\velocity.properties
2016-05-09 20:50:27,561 - Default Properties File: org\apache\velocity\runtime\defaults\velocity.properties
2016-05-09 20:50:27,561 - Trying to use logger class org.apache.velocity.runtime.log.AvalonLogChute
2016-05-09 20:50:27,561 - Trying to use logger class org.apache.velocity.runtime.log.AvalonLogChute
2016-05-09 20:50:27,561 - Trying to use logger class org.apache.velocity.runtime.log.AvalonLogChute
2016-05-09 20:50:27,561 - Trying to use logger class org.apache.velocity.runtime.log.AvalonLogChute
2016-05-09 20:50:27,561 - Target log system for org.apache.velocity.runtime.log.AvalonLogChute is not available (java.lang.NoClassDefFoundError: org/apache/log/format/Formatter).  Falling back to next log system...
2016-05-09 20:50:27,561 - Target log system for org.apache.velocity.runtime.log.AvalonLogChute is not available (java.lang.NoClassDefFoundError: org/apache/log/format/Formatter).  Falling back to next log system...
2016-05-09 20:50:27,561 - Target log system for org.apache.velocity.runtime.log.AvalonLogChute is not available (java.lang.NoClassDefFoundError: org/apache/log/format/Formatter).  Falling back to next log system...
2016-05-09 20:50:27,561 - Target log system for org.apache.velocity.runtime.log.AvalonLogChute is not available (java.lang.NoClassDefFoundError: org/apache/log/format/Formatter).  Falling back to next log system...
2016-05-09 20:50:27,561 - Trying to use logger class org.apache.velocity.runtime.log.Log4JLogChute
2016-05-09 20:50:27,561 - Trying to use logger class org.apache.velocity.runtime.log.Log4JLogChute
2016-05-09 20:50:27,561 - Trying to use logger class org.apache.velocity.runtime.log.Log4JLogChute
2016-05-09 20:50:27,561 - Trying to use logger class org.apache.velocity.runtime.log.Log4JLogChute
2016-05-09 20:50:27,561 - Using logger class org.apache.velocity.runtime.log.Log4JLogChute
2016-05-09 20:50:27,561 - Using logger class org.apache.velocity.runtime.log.Log4JLogChute
2016-05-09 20:50:27,561 - Using logger class org.apache.velocity.runtime.log.Log4JLogChute
2016-05-09 20:50:27,561 - Using logger class org.apache.velocity.runtime.log.Log4JLogChute
2016-05-09 20:50:27,561 - ResourceLoader instantiated: org.apache.velocity.runtime.resource.loader.ClasspathResourceLoader
2016-05-09 20:50:27,561 - ResourceLoader instantiated: org.apache.velocity.runtime.resource.loader.ClasspathResourceLoader
2016-05-09 20:50:27,561 - ResourceLoader instantiated: org.apache.velocity.runtime.resource.loader.ClasspathResourceLoader
2016-05-09 20:50:27,561 - ResourceLoader instantiated: org.apache.velocity.runtime.resource.loader.ClasspathResourceLoader
2016-05-09 20:50:27,562 - ResourceCache: initialized (class org.apache.velocity.runtime.resource.ResourceCacheImpl) with class java.util.Collections$SynchronizedMap cache map.
2016-05-09 20:50:27,562 - ResourceCache: initialized (class org.apache.velocity.runtime.resource.ResourceCacheImpl) with class java.util.Collections$SynchronizedMap cache map.
2016-05-09 20:50:27,562 - ResourceCache: initialized (class org.apache.velocity.runtime.resource.ResourceCacheImpl) with class java.util.Collections$SynchronizedMap cache map.
2016-05-09 20:50:27,562 - ResourceCache: initialized (class org.apache.velocity.runtime.resource.ResourceCacheImpl) with class java.util.Collections$SynchronizedMap cache map.
2016-05-09 20:50:27,563 - Loaded System Directive: org.apache.velocity.runtime.directive.Stop
2016-05-09 20:50:27,563 - Loaded System Directive: org.apache.velocity.runtime.directive.Stop
2016-05-09 20:50:27,563 - Loaded System Directive: org.apache.velocity.runtime.directive.Stop
2016-05-09 20:50:27,563 - Loaded System Directive: org.apache.velocity.runtime.directive.Stop
2016-05-09 20:50:27,563 - Loaded System Directive: org.apache.velocity.runtime.directive.Define
2016-05-09 20:50:27,563 - Loaded System Directive: org.apache.velocity.runtime.directive.Define
2016-05-09 20:50:27,563 - Loaded System Directive: org.apache.velocity.runtime.directive.Define
2016-05-09 20:50:27,563 - Loaded System Directive: org.apache.velocity.runtime.directive.Define
2016-05-09 20:50:27,563 - Loaded System Directive: org.apache.velocity.runtime.directive.Break
2016-05-09 20:50:27,563 - Loaded System Directive: org.apache.velocity.runtime.directive.Break
2016-05-09 20:50:27,563 - Loaded System Directive: org.apache.velocity.runtime.directive.Break
2016-05-09 20:50:27,563 - Loaded System Directive: org.apache.velocity.runtime.directive.Break
2016-05-09 20:50:27,563 - Loaded System Directive: org.apache.velocity.runtime.directive.Evaluate
2016-05-09 20:50:27,563 - Loaded System Directive: org.apache.velocity.runtime.directive.Evaluate
2016-05-09 20:50:27,563 - Loaded System Directive: org.apache.velocity.runtime.directive.Evaluate
2016-05-09 20:50:27,563 - Loaded System Directive: org.apache.velocity.runtime.directive.Evaluate
2016-05-09 20:50:27,563 - Loaded System Directive: org.apache.velocity.runtime.directive.Literal
2016-05-09 20:50:27,563 - Loaded System Directive: org.apache.velocity.runtime.directive.Literal
2016-05-09 20:50:27,563 - Loaded System Directive: org.apache.velocity.runtime.directive.Literal
2016-05-09 20:50:27,563 - Loaded System Directive: org.apache.velocity.runtime.directive.Literal
2016-05-09 20:50:27,563 - Loaded System Directive: org.apache.velocity.runtime.directive.Macro
2016-05-09 20:50:27,563 - Loaded System Directive: org.apache.velocity.runtime.directive.Macro
2016-05-09 20:50:27,563 - Loaded System Directive: org.apache.velocity.runtime.directive.Macro
2016-05-09 20:50:27,563 - Loaded System Directive: org.apache.velocity.runtime.directive.Macro
2016-05-09 20:50:27,563 - Loaded System Directive: org.apache.velocity.runtime.directive.Parse
2016-05-09 20:50:27,563 - Loaded System Directive: org.apache.velocity.runtime.directive.Parse
2016-05-09 20:50:27,563 - Loaded System Directive: org.apache.velocity.runtime.directive.Parse
2016-05-09 20:50:27,563 - Loaded System Directive: org.apache.velocity.runtime.directive.Parse
2016-05-09 20:50:27,563 - Loaded System Directive: org.apache.velocity.runtime.directive.Include
2016-05-09 20:50:27,563 - Loaded System Directive: org.apache.velocity.runtime.directive.Include
2016-05-09 20:50:27,563 - Loaded System Directive: org.apache.velocity.runtime.directive.Include
2016-05-09 20:50:27,563 - Loaded System Directive: org.apache.velocity.runtime.directive.Include
2016-05-09 20:50:27,563 - Loaded System Directive: org.apache.velocity.runtime.directive.Foreach
2016-05-09 20:50:27,563 - Loaded System Directive: org.apache.velocity.runtime.directive.Foreach
2016-05-09 20:50:27,563 - Loaded System Directive: org.apache.velocity.runtime.directive.Foreach
2016-05-09 20:50:27,563 - Loaded System Directive: org.apache.velocity.runtime.directive.Foreach
2016-05-09 20:50:27,564 - Created '20' parsers.
2016-05-09 20:50:27,564 - Created '20' parsers.
2016-05-09 20:50:27,564 - Created '20' parsers.
2016-05-09 20:50:27,564 - Created '20' parsers.
2016-05-09 20:50:27,564 - Velocimacro : "velocimacro.library" is not set.  Trying default library: VM_global_library.vm
2016-05-09 20:50:27,564 - Velocimacro : "velocimacro.library" is not set.  Trying default library: VM_global_library.vm
2016-05-09 20:50:27,564 - Velocimacro : "velocimacro.library" is not set.  Trying default library: VM_global_library.vm
2016-05-09 20:50:27,564 - Velocimacro : "velocimacro.library" is not set.  Trying default library: VM_global_library.vm
2016-05-09 20:50:27,565 - Could not load resource 'VM_global_library.vm' from ResourceLoader org.apache.velocity.runtime.resource.loader.ClasspathResourceLoader: ClasspathResourceLoader Error: cannot find resource VM_global_library.vm
2016-05-09 20:50:27,565 - Could not load resource 'VM_global_library.vm' from ResourceLoader org.apache.velocity.runtime.resource.loader.ClasspathResourceLoader: ClasspathResourceLoader Error: cannot find resource VM_global_library.vm
2016-05-09 20:50:27,565 - Could not load resource 'VM_global_library.vm' from ResourceLoader org.apache.velocity.runtime.resource.loader.ClasspathResourceLoader: ClasspathResourceLoader Error: cannot find resource VM_global_library.vm
2016-05-09 20:50:27,565 - Could not load resource 'VM_global_library.vm' from ResourceLoader org.apache.velocity.runtime.resource.loader.ClasspathResourceLoader: ClasspathResourceLoader Error: cannot find resource VM_global_library.vm
2016-05-09 20:50:27,565 - Velocimacro : Default library not found.
2016-05-09 20:50:27,565 - Velocimacro : Default library not found.
2016-05-09 20:50:27,565 - Velocimacro : Default library not found.
2016-05-09 20:50:27,565 - Velocimacro : Default library not found.
2016-05-09 20:50:27,565 - Velocimacro : allowInline = true : VMs can be defined inline in templates
2016-05-09 20:50:27,565 - Velocimacro : allowInline = true : VMs can be defined inline in templates
2016-05-09 20:50:27,565 - Velocimacro : allowInline = true : VMs can be defined inline in templates
2016-05-09 20:50:27,565 - Velocimacro : allowInline = true : VMs can be defined inline in templates
2016-05-09 20:50:27,565 - Velocimacro : allowInlineToOverride = false : VMs defined inline may NOT replace previous VM definitions
2016-05-09 20:50:27,565 - Velocimacro : allowInlineToOverride = false : VMs defined inline may NOT replace previous VM definitions
2016-05-09 20:50:27,565 - Velocimacro : allowInlineToOverride = false : VMs defined inline may NOT replace previous VM definitions
2016-05-09 20:50:27,565 - Velocimacro : allowInlineToOverride = false : VMs defined inline may NOT replace previous VM definitions
2016-05-09 20:50:27,566 - Velocimacro : allowInlineLocal = false : VMs defined inline will be global in scope if allowed.
2016-05-09 20:50:27,566 - Velocimacro : allowInlineLocal = false : VMs defined inline will be global in scope if allowed.
2016-05-09 20:50:27,566 - Velocimacro : allowInlineLocal = false : VMs defined inline will be global in scope if allowed.
2016-05-09 20:50:27,566 - Velocimacro : allowInlineLocal = false : VMs defined inline will be global in scope if allowed.
2016-05-09 20:50:27,566 - Velocimacro : autoload off : VM system will not automatically reload global library macros
2016-05-09 20:50:27,566 - Velocimacro : autoload off : VM system will not automatically reload global library macros
2016-05-09 20:50:27,566 - Velocimacro : autoload off : VM system will not automatically reload global library macros
2016-05-09 20:50:27,566 - Velocimacro : autoload off : VM system will not automatically reload global library macros
2016-05-09 20:50:27,572 - ResourceManager : found templates/Rental/back.vm with loader org.apache.velocity.runtime.resource.loader.ClasspathResourceLoader
2016-05-09 20:50:27,572 - ResourceManager : found templates/Rental/back.vm with loader org.apache.velocity.runtime.resource.loader.ClasspathResourceLoader
2016-05-09 20:50:27,572 - ResourceManager : found templates/Rental/back.vm with loader org.apache.velocity.runtime.resource.loader.ClasspathResourceLoader
2016-05-09 20:50:27,572 - ResourceManager : found templates/Rental/back.vm with loader org.apache.velocity.runtime.resource.loader.ClasspathResourceLoader
2016-05-09 20:50:27,576 - ResourceManager : found /templates/includes/header.vm with loader org.apache.velocity.runtime.resource.loader.ClasspathResourceLoader
2016-05-09 20:50:27,576 - ResourceManager : found /templates/includes/header.vm with loader org.apache.velocity.runtime.resource.loader.ClasspathResourceLoader
2016-05-09 20:50:27,576 - ResourceManager : found /templates/includes/header.vm with loader org.apache.velocity.runtime.resource.loader.ClasspathResourceLoader
2016-05-09 20:50:27,576 - ResourceManager : found /templates/includes/header.vm with loader org.apache.velocity.runtime.resource.loader.ClasspathResourceLoader
2016-05-09 20:50:27,580 - ResourceManager : found /templates/includes/flash.vm with loader org.apache.velocity.runtime.resource.loader.ClasspathResourceLoader
2016-05-09 20:50:27,580 - ResourceManager : found /templates/includes/flash.vm with loader org.apache.velocity.runtime.resource.loader.ClasspathResourceLoader
2016-05-09 20:50:27,580 - ResourceManager : found /templates/includes/flash.vm with loader org.apache.velocity.runtime.resource.loader.ClasspathResourceLoader
2016-05-09 20:50:27,580 - ResourceManager : found /templates/includes/flash.vm with loader org.apache.velocity.runtime.resource.loader.ClasspathResourceLoader
2016-05-09 20:50:27,584 - RHS of #set statement is null. Context will not be modified. templates/Rental/back.vm[line 34, column 1]
2016-05-09 20:50:27,584 - RHS of #set statement is null. Context will not be modified. templates/Rental/back.vm[line 34, column 1]
2016-05-09 20:50:27,584 - RHS of #set statement is null. Context will not be modified. templates/Rental/back.vm[line 34, column 1]
2016-05-09 20:50:27,584 - RHS of #set statement is null. Context will not be modified. templates/Rental/back.vm[line 34, column 1]
2016-05-09 20:50:27,587 - ResourceManager : found /templates/includes/footer.vm with loader org.apache.velocity.runtime.resource.loader.ClasspathResourceLoader
2016-05-09 20:50:27,587 - ResourceManager : found /templates/includes/footer.vm with loader org.apache.velocity.runtime.resource.loader.ClasspathResourceLoader
2016-05-09 20:50:27,587 - ResourceManager : found /templates/includes/footer.vm with loader org.apache.velocity.runtime.resource.loader.ClasspathResourceLoader
2016-05-09 20:50:27,587 - ResourceManager : found /templates/includes/footer.vm with loader org.apache.velocity.runtime.resource.loader.ClasspathResourceLoader
2016-05-09 20:50:52,784 - Log4JLogChute initialized using file 'velocity.log'
2016-05-09 20:50:52,784 - Log4JLogChute initialized using file 'velocity.log'
2016-05-09 20:50:52,784 - Log4JLogChute initialized using file 'velocity.log'
2016-05-09 20:50:52,784 - Log4JLogChute initialized using file 'velocity.log'
2016-05-09 20:50:52,784 - Log4JLogChute initialized using file 'velocity.log'
2016-05-09 20:50:52,784 - Initializing Velocity, Calling init()...
2016-05-09 20:50:52,784 - Initializing Velocity, Calling init()...
2016-05-09 20:50:52,784 - Initializing Velocity, Calling init()...
2016-05-09 20:50:52,784 - Initializing Velocity, Calling init()...
2016-05-09 20:50:52,784 - Initializing Velocity, Calling init()...
2016-05-09 20:50:52,784 - Starting Apache Velocity v1.7 (compiled: 2010-11-19 12:14:37)
2016-05-09 20:50:52,784 - Starting Apache Velocity v1.7 (compiled: 2010-11-19 12:14:37)
2016-05-09 20:50:52,784 - Starting Apache Velocity v1.7 (compiled: 2010-11-19 12:14:37)
2016-05-09 20:50:52,784 - Starting Apache Velocity v1.7 (compiled: 2010-11-19 12:14:37)
2016-05-09 20:50:52,784 - Starting Apache Velocity v1.7 (compiled: 2010-11-19 12:14:37)
2016-05-09 20:50:52,784 - Default Properties File: org\apache\velocity\runtime\defaults\velocity.properties
2016-05-09 20:50:52,784 - Default Properties File: org\apache\velocity\runtime\defaults\velocity.properties
2016-05-09 20:50:52,784 - Default Properties File: org\apache\velocity\runtime\defaults\velocity.properties
2016-05-09 20:50:52,784 - Default Properties File: org\apache\velocity\runtime\defaults\velocity.properties
2016-05-09 20:50:52,784 - Default Properties File: org\apache\velocity\runtime\defaults\velocity.properties
2016-05-09 20:50:52,785 - Trying to use logger class org.apache.velocity.runtime.log.AvalonLogChute
2016-05-09 20:50:52,785 - Trying to use logger class org.apache.velocity.runtime.log.AvalonLogChute
2016-05-09 20:50:52,785 - Trying to use logger class org.apache.velocity.runtime.log.AvalonLogChute
2016-05-09 20:50:52,785 - Trying to use logger class org.apache.velocity.runtime.log.AvalonLogChute
2016-05-09 20:50:52,785 - Trying to use logger class org.apache.velocity.runtime.log.AvalonLogChute
2016-05-09 20:50:52,785 - Target log system for org.apache.velocity.runtime.log.AvalonLogChute is not available (java.lang.NoClassDefFoundError: org/apache/log/format/Formatter).  Falling back to next log system...
2016-05-09 20:50:52,785 - Target log system for org.apache.velocity.runtime.log.AvalonLogChute is not available (java.lang.NoClassDefFoundError: org/apache/log/format/Formatter).  Falling back to next log system...
2016-05-09 20:50:52,785 - Target log system for org.apache.velocity.runtime.log.AvalonLogChute is not available (java.lang.NoClassDefFoundError: org/apache/log/format/Formatter).  Falling back to next log system...
2016-05-09 20:50:52,785 - Target log system for org.apache.velocity.runtime.log.AvalonLogChute is not available (java.lang.NoClassDefFoundError: org/apache/log/format/Formatter).  Falling back to next log system...
2016-05-09 20:50:52,785 - Target log system for org.apache.velocity.runtime.log.AvalonLogChute is not available (java.lang.NoClassDefFoundError: org/apache/log/format/Formatter).  Falling back to next log system...
2016-05-09 20:50:52,785 - Trying to use logger class org.apache.velocity.runtime.log.Log4JLogChute
2016-05-09 20:50:52,785 - Trying to use logger class org.apache.velocity.runtime.log.Log4JLogChute
2016-05-09 20:50:52,785 - Trying to use logger class org.apache.velocity.runtime.log.Log4JLogChute
2016-05-09 20:50:52,785 - Trying to use logger class org.apache.velocity.runtime.log.Log4JLogChute
2016-05-09 20:50:52,785 - Trying to use logger class org.apache.velocity.runtime.log.Log4JLogChute
2016-05-09 20:50:52,785 - Using logger class org.apache.velocity.runtime.log.Log4JLogChute
2016-05-09 20:50:52,785 - Using logger class org.apache.velocity.runtime.log.Log4JLogChute
2016-05-09 20:50:52,785 - Using logger class org.apache.velocity.runtime.log.Log4JLogChute
2016-05-09 20:50:52,785 - Using logger class org.apache.velocity.runtime.log.Log4JLogChute
2016-05-09 20:50:52,785 - Using logger class org.apache.velocity.runtime.log.Log4JLogChute
2016-05-09 20:50:52,785 - ResourceLoader instantiated: org.apache.velocity.runtime.resource.loader.ClasspathResourceLoader
2016-05-09 20:50:52,785 - ResourceLoader instantiated: org.apache.velocity.runtime.resource.loader.ClasspathResourceLoader
2016-05-09 20:50:52,785 - ResourceLoader instantiated: org.apache.velocity.runtime.resource.loader.ClasspathResourceLoader
2016-05-09 20:50:52,785 - ResourceLoader instantiated: org.apache.velocity.runtime.resource.loader.ClasspathResourceLoader
2016-05-09 20:50:52,785 - ResourceLoader instantiated: org.apache.velocity.runtime.resource.loader.ClasspathResourceLoader
2016-05-09 20:50:52,785 - ResourceCache: initialized (class org.apache.velocity.runtime.resource.ResourceCacheImpl) with class java.util.Collections$SynchronizedMap cache map.
2016-05-09 20:50:52,785 - ResourceCache: initialized (class org.apache.velocity.runtime.resource.ResourceCacheImpl) with class java.util.Collections$SynchronizedMap cache map.
2016-05-09 20:50:52,785 - ResourceCache: initialized (class org.apache.velocity.runtime.resource.ResourceCacheImpl) with class java.util.Collections$SynchronizedMap cache map.
2016-05-09 20:50:52,785 - ResourceCache: initialized (class org.apache.velocity.runtime.resource.ResourceCacheImpl) with class java.util.Collections$SynchronizedMap cache map.
2016-05-09 20:50:52,785 - ResourceCache: initialized (class org.apache.velocity.runtime.resource.ResourceCacheImpl) with class java.util.Collections$SynchronizedMap cache map.
2016-05-09 20:50:52,786 - Loaded System Directive: org.apache.velocity.runtime.directive.Stop
2016-05-09 20:50:52,786 - Loaded System Directive: org.apache.velocity.runtime.directive.Stop
2016-05-09 20:50:52,786 - Loaded System Directive: org.apache.velocity.runtime.directive.Stop
2016-05-09 20:50:52,786 - Loaded System Directive: org.apache.velocity.runtime.directive.Stop
2016-05-09 20:50:52,786 - Loaded System Directive: org.apache.velocity.runtime.directive.Stop
2016-05-09 20:50:52,786 - Loaded System Directive: org.apache.velocity.runtime.directive.Define
2016-05-09 20:50:52,786 - Loaded System Directive: org.apache.velocity.runtime.directive.Define
2016-05-09 20:50:52,786 - Loaded System Directive: org.apache.velocity.runtime.directive.Define
2016-05-09 20:50:52,786 - Loaded System Directive: org.apache.velocity.runtime.directive.Define
2016-05-09 20:50:52,786 - Loaded System Directive: org.apache.velocity.runtime.directive.Define
2016-05-09 20:50:52,786 - Loaded System Directive: org.apache.velocity.runtime.directive.Break
2016-05-09 20:50:52,786 - Loaded System Directive: org.apache.velocity.runtime.directive.Break
2016-05-09 20:50:52,786 - Loaded System Directive: org.apache.velocity.runtime.directive.Break
2016-05-09 20:50:52,786 - Loaded System Directive: org.apache.velocity.runtime.directive.Break
2016-05-09 20:50:52,786 - Loaded System Directive: org.apache.velocity.runtime.directive.Break
2016-05-09 20:50:52,786 - Loaded System Directive: org.apache.velocity.runtime.directive.Evaluate
2016-05-09 20:50:52,786 - Loaded System Directive: org.apache.velocity.runtime.directive.Evaluate
2016-05-09 20:50:52,786 - Loaded System Directive: org.apache.velocity.runtime.directive.Evaluate
2016-05-09 20:50:52,786 - Loaded System Directive: org.apache.velocity.runtime.directive.Evaluate
2016-05-09 20:50:52,786 - Loaded System Directive: org.apache.velocity.runtime.directive.Evaluate
2016-05-09 20:50:52,786 - Loaded System Directive: org.apache.velocity.runtime.directive.Literal
2016-05-09 20:50:52,786 - Loaded System Directive: org.apache.velocity.runtime.directive.Literal
2016-05-09 20:50:52,786 - Loaded System Directive: org.apache.velocity.runtime.directive.Literal
2016-05-09 20:50:52,786 - Loaded System Directive: org.apache.velocity.runtime.directive.Literal
2016-05-09 20:50:52,786 - Loaded System Directive: org.apache.velocity.runtime.directive.Literal
2016-05-09 20:50:52,786 - Loaded System Directive: org.apache.velocity.runtime.directive.Macro
2016-05-09 20:50:52,786 - Loaded System Directive: org.apache.velocity.runtime.directive.Macro
2016-05-09 20:50:52,786 - Loaded System Directive: org.apache.velocity.runtime.directive.Macro
2016-05-09 20:50:52,786 - Loaded System Directive: org.apache.velocity.runtime.directive.Macro
2016-05-09 20:50:52,786 - Loaded System Directive: org.apache.velocity.runtime.directive.Macro
2016-05-09 20:50:52,786 - Loaded System Directive: org.apache.velocity.runtime.directive.Parse
2016-05-09 20:50:52,786 - Loaded System Directive: org.apache.velocity.runtime.directive.Parse
2016-05-09 20:50:52,786 - Loaded System Directive: org.apache.velocity.runtime.directive.Parse
2016-05-09 20:50:52,786 - Loaded System Directive: org.apache.velocity.runtime.directive.Parse
2016-05-09 20:50:52,786 - Loaded System Directive: org.apache.velocity.runtime.directive.Parse
2016-05-09 20:50:52,787 - Loaded System Directive: org.apache.velocity.runtime.directive.Include
2016-05-09 20:50:52,787 - Loaded System Directive: org.apache.velocity.runtime.directive.Include
2016-05-09 20:50:52,787 - Loaded System Directive: org.apache.velocity.runtime.directive.Include
2016-05-09 20:50:52,787 - Loaded System Directive: org.apache.velocity.runtime.directive.Include
2016-05-09 20:50:52,787 - Loaded System Directive: org.apache.velocity.runtime.directive.Include
2016-05-09 20:50:52,787 - Loaded System Directive: org.apache.velocity.runtime.directive.Foreach
2016-05-09 20:50:52,787 - Loaded System Directive: org.apache.velocity.runtime.directive.Foreach
2016-05-09 20:50:52,787 - Loaded System Directive: org.apache.velocity.runtime.directive.Foreach
2016-05-09 20:50:52,787 - Loaded System Directive: org.apache.velocity.runtime.directive.Foreach
2016-05-09 20:50:52,787 - Loaded System Directive: org.apache.velocity.runtime.directive.Foreach
2016-05-09 20:50:52,788 - Created '20' parsers.
2016-05-09 20:50:52,788 - Created '20' parsers.
2016-05-09 20:50:52,788 - Created '20' parsers.
2016-05-09 20:50:52,788 - Created '20' parsers.
2016-05-09 20:50:52,788 - Created '20' parsers.
2016-05-09 20:50:52,788 - Velocimacro : "velocimacro.library" is not set.  Trying default library: VM_global_library.vm
2016-05-09 20:50:52,788 - Velocimacro : "velocimacro.library" is not set.  Trying default library: VM_global_library.vm
2016-05-09 20:50:52,788 - Velocimacro : "velocimacro.library" is not set.  Trying default library: VM_global_library.vm
2016-05-09 20:50:52,788 - Velocimacro : "velocimacro.library" is not set.  Trying default library: VM_global_library.vm
2016-05-09 20:50:52,788 - Velocimacro : "velocimacro.library" is not set.  Trying default library: VM_global_library.vm
2016-05-09 20:50:52,789 - Could not load resource 'VM_global_library.vm' from ResourceLoader org.apache.velocity.runtime.resource.loader.ClasspathResourceLoader: ClasspathResourceLoader Error: cannot find resource VM_global_library.vm
2016-05-09 20:50:52,789 - Could not load resource 'VM_global_library.vm' from ResourceLoader org.apache.velocity.runtime.resource.loader.ClasspathResourceLoader: ClasspathResourceLoader Error: cannot find resource VM_global_library.vm
2016-05-09 20:50:52,789 - Could not load resource 'VM_global_library.vm' from ResourceLoader org.apache.velocity.runtime.resource.loader.ClasspathResourceLoader: ClasspathResourceLoader Error: cannot find resource VM_global_library.vm
2016-05-09 20:50:52,789 - Could not load resource 'VM_global_library.vm' from ResourceLoader org.apache.velocity.runtime.resource.loader.ClasspathResourceLoader: ClasspathResourceLoader Error: cannot find resource VM_global_library.vm
2016-05-09 20:50:52,789 - Could not load resource 'VM_global_library.vm' from ResourceLoader org.apache.velocity.runtime.resource.loader.ClasspathResourceLoader: ClasspathResourceLoader Error: cannot find resource VM_global_library.vm
2016-05-09 20:50:52,789 - Velocimacro : Default library not found.
2016-05-09 20:50:52,789 - Velocimacro : Default library not found.
2016-05-09 20:50:52,789 - Velocimacro : Default library not found.
2016-05-09 20:50:52,789 - Velocimacro : Default library not found.
2016-05-09 20:50:52,789 - Velocimacro : Default library not found.
2016-05-09 20:50:52,789 - Velocimacro : allowInline = true : VMs can be defined inline in templates
2016-05-09 20:50:52,789 - Velocimacro : allowInline = true : VMs can be defined inline in templates
2016-05-09 20:50:52,789 - Velocimacro : allowInline = true : VMs can be defined inline in templates
2016-05-09 20:50:52,789 - Velocimacro : allowInline = true : VMs can be defined inline in templates
2016-05-09 20:50:52,789 - Velocimacro : allowInline = true : VMs can be defined inline in templates
2016-05-09 20:50:52,789 - Velocimacro : allowInlineToOverride = false : VMs defined inline may NOT replace previous VM definitions
2016-05-09 20:50:52,789 - Velocimacro : allowInlineToOverride = false : VMs defined inline may NOT replace previous VM definitions
2016-05-09 20:50:52,789 - Velocimacro : allowInlineToOverride = false : VMs defined inline may NOT replace previous VM definitions
2016-05-09 20:50:52,789 - Velocimacro : allowInlineToOverride = false : VMs defined inline may NOT replace previous VM definitions
2016-05-09 20:50:52,789 - Velocimacro : allowInlineToOverride = false : VMs defined inline may NOT replace previous VM definitions
2016-05-09 20:50:52,789 - Velocimacro : allowInlineLocal = false : VMs defined inline will be global in scope if allowed.
2016-05-09 20:50:52,789 - Velocimacro : allowInlineLocal = false : VMs defined inline will be global in scope if allowed.
2016-05-09 20:50:52,789 - Velocimacro : allowInlineLocal = false : VMs defined inline will be global in scope if allowed.
2016-05-09 20:50:52,789 - Velocimacro : allowInlineLocal = false : VMs defined inline will be global in scope if allowed.
2016-05-09 20:50:52,789 - Velocimacro : allowInlineLocal = false : VMs defined inline will be global in scope if allowed.
2016-05-09 20:50:52,789 - Velocimacro : autoload off : VM system will not automatically reload global library macros
2016-05-09 20:50:52,789 - Velocimacro : autoload off : VM system will not automatically reload global library macros
2016-05-09 20:50:52,789 - Velocimacro : autoload off : VM system will not automatically reload global library macros
2016-05-09 20:50:52,789 - Velocimacro : autoload off : VM system will not automatically reload global library macros
2016-05-09 20:50:52,789 - Velocimacro : autoload off : VM system will not automatically reload global library macros
2016-05-09 20:50:52,803 - ResourceManager : found templates/Rental/back.vm with loader org.apache.velocity.runtime.resource.loader.ClasspathResourceLoader
2016-05-09 20:50:52,803 - ResourceManager : found templates/Rental/back.vm with loader org.apache.velocity.runtime.resource.loader.ClasspathResourceLoader
2016-05-09 20:50:52,803 - ResourceManager : found templates/Rental/back.vm with loader org.apache.velocity.runtime.resource.loader.ClasspathResourceLoader
2016-05-09 20:50:52,803 - ResourceManager : found templates/Rental/back.vm with loader org.apache.velocity.runtime.resource.loader.ClasspathResourceLoader
2016-05-09 20:50:52,803 - ResourceManager : found templates/Rental/back.vm with loader org.apache.velocity.runtime.resource.loader.ClasspathResourceLoader
2016-05-09 20:50:52,806 - ResourceManager : found /templates/includes/header.vm with loader org.apache.velocity.runtime.resource.loader.ClasspathResourceLoader
2016-05-09 20:50:52,806 - ResourceManager : found /templates/includes/header.vm with loader org.apache.velocity.runtime.resource.loader.ClasspathResourceLoader
2016-05-09 20:50:52,806 - ResourceManager : found /templates/includes/header.vm with loader org.apache.velocity.runtime.resource.loader.ClasspathResourceLoader
2016-05-09 20:50:52,806 - ResourceManager : found /templates/includes/header.vm with loader org.apache.velocity.runtime.resource.loader.ClasspathResourceLoader
2016-05-09 20:50:52,806 - ResourceManager : found /templates/includes/header.vm with loader org.apache.velocity.runtime.resource.loader.ClasspathResourceLoader
2016-05-09 20:50:52,809 - ResourceManager : found /templates/includes/flash.vm with loader org.apache.velocity.runtime.resource.loader.ClasspathResourceLoader
2016-05-09 20:50:52,809 - ResourceManager : found /templates/includes/flash.vm with loader org.apache.velocity.runtime.resource.loader.ClasspathResourceLoader
2016-05-09 20:50:52,809 - ResourceManager : found /templates/includes/flash.vm with loader org.apache.velocity.runtime.resource.loader.ClasspathResourceLoader
2016-05-09 20:50:52,809 - ResourceManager : found /templates/includes/flash.vm with loader org.apache.velocity.runtime.resource.loader.ClasspathResourceLoader
2016-05-09 20:50:52,809 - ResourceManager : found /templates/includes/flash.vm with loader org.apache.velocity.runtime.resource.loader.ClasspathResourceLoader
2016-05-09 20:50:52,812 - ResourceManager : found /templates/includes/footer.vm with loader org.apache.velocity.runtime.resource.loader.ClasspathResourceLoader
2016-05-09 20:50:52,812 - ResourceManager : found /templates/includes/footer.vm with loader org.apache.velocity.runtime.resource.loader.ClasspathResourceLoader
2016-05-09 20:50:52,812 - ResourceManager : found /templates/includes/footer.vm with loader org.apache.velocity.runtime.resource.loader.ClasspathResourceLoader
2016-05-09 20:50:52,812 - ResourceManager : found /templates/includes/footer.vm with loader org.apache.velocity.runtime.resource.loader.ClasspathResourceLoader
2016-05-09 20:50:52,812 - ResourceManager : found /templates/includes/footer.vm with loader org.apache.velocity.runtime.resource.loader.ClasspathResourceLoader
2016-05-09 20:50:59,371 - ResourceManager : found templates/Rental/home.vm with loader org.apache.velocity.runtime.resource.loader.ClasspathResourceLoader
2016-05-09 20:50:59,371 - ResourceManager : found templates/Rental/home.vm with loader org.apache.velocity.runtime.resource.loader.ClasspathResourceLoader
2016-05-09 20:50:59,371 - ResourceManager : found templates/Rental/home.vm with loader org.apache.velocity.runtime.resource.loader.ClasspathResourceLoader
2016-05-09 20:50:59,371 - ResourceManager : found templates/Rental/home.vm with loader org.apache.velocity.runtime.resource.loader.ClasspathResourceLoader
2016-05-09 20:50:59,371 - ResourceManager : found templates/Rental/home.vm with loader org.apache.velocity.runtime.resource.loader.ClasspathResourceLoader
2016-05-09 20:50:59,373 - ResourceManager : found /templates/includes/header.vm with loader org.apache.velocity.runtime.resource.loader.ClasspathResourceLoader
2016-05-09 20:50:59,373 - ResourceManager : found /templates/includes/header.vm with loader org.apache.velocity.runtime.resource.loader.ClasspathResourceLoader
2016-05-09 20:50:59,373 - ResourceManager : found /templates/includes/header.vm with loader org.apache.velocity.runtime.resource.loader.ClasspathResourceLoader
2016-05-09 20:50:59,373 - ResourceManager : found /templates/includes/header.vm with loader org.apache.velocity.runtime.resource.loader.ClasspathResourceLoader
2016-05-09 20:50:59,373 - ResourceManager : found /templates/includes/header.vm with loader org.apache.velocity.runtime.resource.loader.ClasspathResourceLoader
2016-05-09 20:50:59,377 - ResourceManager : found /templates/includes/flash.vm with loader org.apache.velocity.runtime.resource.loader.ClasspathResourceLoader
2016-05-09 20:50:59,377 - ResourceManager : found /templates/includes/flash.vm with loader org.apache.velocity.runtime.resource.loader.ClasspathResourceLoader
2016-05-09 20:50:59,377 - ResourceManager : found /templates/includes/flash.vm with loader org.apache.velocity.runtime.resource.loader.ClasspathResourceLoader
2016-05-09 20:50:59,377 - ResourceManager : found /templates/includes/flash.vm with loader org.apache.velocity.runtime.resource.loader.ClasspathResourceLoader
2016-05-09 20:50:59,377 - ResourceManager : found /templates/includes/flash.vm with loader org.apache.velocity.runtime.resource.loader.ClasspathResourceLoader
2016-05-09 20:50:59,401 - ResourceManager : found /templates/includes/footer.vm with loader org.apache.velocity.runtime.resource.loader.ClasspathResourceLoader
2016-05-09 20:50:59,401 - ResourceManager : found /templates/includes/footer.vm with loader org.apache.velocity.runtime.resource.loader.ClasspathResourceLoader
2016-05-09 20:50:59,401 - ResourceManager : found /templates/includes/footer.vm with loader org.apache.velocity.runtime.resource.loader.ClasspathResourceLoader
2016-05-09 20:50:59,401 - ResourceManager : found /templates/includes/footer.vm with loader org.apache.velocity.runtime.resource.loader.ClasspathResourceLoader
2016-05-09 20:50:59,401 - ResourceManager : found /templates/includes/footer.vm with loader org.apache.velocity.runtime.resource.loader.ClasspathResourceLoader
2016-05-09 21:14:31,611 - ResourceManager : found templates/Rental/create.vm with loader org.apache.velocity.runtime.resource.loader.ClasspathResourceLoader
2016-05-09 21:14:31,611 - ResourceManager : found templates/Rental/create.vm with loader org.apache.velocity.runtime.resource.loader.ClasspathResourceLoader
2016-05-09 21:14:31,611 - ResourceManager : found templates/Rental/create.vm with loader org.apache.velocity.runtime.resource.loader.ClasspathResourceLoader
2016-05-09 21:14:31,611 - ResourceManager : found templates/Rental/create.vm with loader org.apache.velocity.runtime.resource.loader.ClasspathResourceLoader
2016-05-09 21:14:31,611 - ResourceManager : found templates/Rental/create.vm with loader org.apache.velocity.runtime.resource.loader.ClasspathResourceLoader
2016-05-09 21:14:31,617 - ResourceManager : found /templates/includes/header.vm with loader org.apache.velocity.runtime.resource.loader.ClasspathResourceLoader
2016-05-09 21:14:31,617 - ResourceManager : found /templates/includes/header.vm with loader org.apache.velocity.runtime.resource.loader.ClasspathResourceLoader
2016-05-09 21:14:31,617 - ResourceManager : found /templates/includes/header.vm with loader org.apache.velocity.runtime.resource.loader.ClasspathResourceLoader
2016-05-09 21:14:31,617 - ResourceManager : found /templates/includes/header.vm with loader org.apache.velocity.runtime.resource.loader.ClasspathResourceLoader
2016-05-09 21:14:31,617 - ResourceManager : found /templates/includes/header.vm with loader org.apache.velocity.runtime.resource.loader.ClasspathResourceLoader
2016-05-09 21:14:31,620 - ResourceManager : found /templates/includes/flash.vm with loader org.apache.velocity.runtime.resource.loader.ClasspathResourceLoader
2016-05-09 21:14:31,620 - ResourceManager : found /templates/includes/flash.vm with loader org.apache.velocity.runtime.resource.loader.ClasspathResourceLoader
2016-05-09 21:14:31,620 - ResourceManager : found /templates/includes/flash.vm with loader org.apache.velocity.runtime.resource.loader.ClasspathResourceLoader
2016-05-09 21:14:31,620 - ResourceManager : found /templates/includes/flash.vm with loader org.apache.velocity.runtime.resource.loader.ClasspathResourceLoader
2016-05-09 21:14:31,620 - ResourceManager : found /templates/includes/flash.vm with loader org.apache.velocity.runtime.resource.loader.ClasspathResourceLoader
2016-05-09 21:14:31,642 - ResourceManager : found /templates/includes/footer.vm with loader org.apache.velocity.runtime.resource.loader.ClasspathResourceLoader
2016-05-09 21:14:31,642 - ResourceManager : found /templates/includes/footer.vm with loader org.apache.velocity.runtime.resource.loader.ClasspathResourceLoader
2016-05-09 21:14:31,642 - ResourceManager : found /templates/includes/footer.vm with loader org.apache.velocity.runtime.resource.loader.ClasspathResourceLoader
2016-05-09 21:14:31,642 - ResourceManager : found /templates/includes/footer.vm with loader org.apache.velocity.runtime.resource.loader.ClasspathResourceLoader
2016-05-09 21:14:31,642 - ResourceManager : found /templates/includes/footer.vm with loader org.apache.velocity.runtime.resource.loader.ClasspathResourceLoader
2016-05-09 21:32:46,644 - Log4JLogChute initialized using file 'velocity.log'
2016-05-09 21:32:46,645 - Initializing Velocity, Calling init()...
2016-05-09 21:32:46,645 - Starting Apache Velocity v1.7 (compiled: 2010-11-19 12:14:37)
2016-05-09 21:32:46,645 - Default Properties File: org\apache\velocity\runtime\defaults\velocity.properties
2016-05-09 21:32:46,645 - Trying to use logger class org.apache.velocity.runtime.log.AvalonLogChute
2016-05-09 21:32:46,645 - Target log system for org.apache.velocity.runtime.log.AvalonLogChute is not available (java.lang.NoClassDefFoundError: org/apache/log/format/Formatter).  Falling back to next log system...
2016-05-09 21:32:46,645 - Trying to use logger class org.apache.velocity.runtime.log.Log4JLogChute
2016-05-09 21:32:46,645 - Using logger class org.apache.velocity.runtime.log.Log4JLogChute
2016-05-09 21:32:46,651 - ResourceLoader instantiated: org.apache.velocity.runtime.resource.loader.ClasspathResourceLoader
2016-05-09 21:32:46,673 - ResourceCache: initialized (class org.apache.velocity.runtime.resource.ResourceCacheImpl) with class java.util.Collections$SynchronizedMap cache map.
2016-05-09 21:32:46,675 - Loaded System Directive: org.apache.velocity.runtime.directive.Stop
2016-05-09 21:32:46,677 - Loaded System Directive: org.apache.velocity.runtime.directive.Define
2016-05-09 21:32:46,678 - Loaded System Directive: org.apache.velocity.runtime.directive.Break
2016-05-09 21:32:46,679 - Loaded System Directive: org.apache.velocity.runtime.directive.Evaluate
2016-05-09 21:32:46,680 - Loaded System Directive: org.apache.velocity.runtime.directive.Literal
2016-05-09 21:32:46,681 - Loaded System Directive: org.apache.velocity.runtime.directive.Macro
2016-05-09 21:32:46,683 - Loaded System Directive: org.apache.velocity.runtime.directive.Parse
2016-05-09 21:32:46,685 - Loaded System Directive: org.apache.velocity.runtime.directive.Include
2016-05-09 21:32:46,687 - Loaded System Directive: org.apache.velocity.runtime.directive.Foreach
2016-05-09 21:32:46,744 - Created '20' parsers.
2016-05-09 21:32:46,753 - Velocimacro : "velocimacro.library" is not set.  Trying default library: VM_global_library.vm
2016-05-09 21:32:46,754 - Could not load resource 'VM_global_library.vm' from ResourceLoader org.apache.velocity.runtime.resource.loader.ClasspathResourceLoader: ClasspathResourceLoader Error: cannot find resource VM_global_library.vm
2016-05-09 21:32:46,754 - Velocimacro : Default library not found.
2016-05-09 21:32:46,754 - Velocimacro : allowInline = true : VMs can be defined inline in templates
2016-05-09 21:32:46,754 - Velocimacro : allowInlineToOverride = false : VMs defined inline may NOT replace previous VM definitions
2016-05-09 21:32:46,754 - Velocimacro : allowInlineLocal = false : VMs defined inline will be global in scope if allowed.
2016-05-09 21:32:46,754 - Velocimacro : autoload off : VM system will not automatically reload global library macros
2016-05-09 21:32:46,796 - ResourceManager : found templates/Rental/home.vm with loader org.apache.velocity.runtime.resource.loader.ClasspathResourceLoader
2016-05-09 21:32:46,806 - ResourceManager : found /templates/includes/header.vm with loader org.apache.velocity.runtime.resource.loader.ClasspathResourceLoader
2016-05-09 21:32:46,834 - ResourceManager : found /templates/includes/flash.vm with loader org.apache.velocity.runtime.resource.loader.ClasspathResourceLoader
2016-05-09 21:32:46,846 - ResourceManager : found /templates/includes/footer.vm with loader org.apache.velocity.runtime.resource.loader.ClasspathResourceLoader
